Program called with the following parameters:
 * downscale = 2
 * exportIntermediateResults = 0
 * imagesFolder = "D:/Develop/Model/Photogrammetry/Meshroom/ReloadModel/MeshroomCache/PrepareDenseScene/d6e5150f703c4cc8e270b95915e81d68e58b6f79"
 * input = "D:/Develop/Model/Photogrammetry/Meshroom/ReloadModel/MeshroomCache/StructureFromMotion/cc5d6254f77437b39c0974287c9a767eaeae262e/sfm.abc"
 * maxViewAngle = 70
 * minViewAngle = 2
 * nbGPUs = 0
 * output = "D:/Develop/Model/Photogrammetry/Meshroom/ReloadModel/MeshroomCache/DepthMap/f65a118cd95afcbe272dda2b51794539e3c761ea"
 * rangeSize = 3
 * rangeStart = 33
 * refineGammaC = 15.5
 * refineGammaP = 8
 * refineMaxTCams = 6
 * refineNDepthsToRefine = 31
 * refineNSamplesHalf = 150
 * refineNiters = 100
 * refineSigma = 15
 * refineUseTcOrRcPixSize = 0
 * refineWSH = 3
 * sgmGammaC = 5.5
 * sgmGammaP = 8
 * sgmMaxTCams = 10
 * sgmWSH = 4
 * verboseLevel = "info"

[06:41:37.241673][info] CUDA-Enabled GPU.
Device information:
	- id:                      0
	- name:                    NVIDIA GeForce GTX 1060 6GB
	- compute capability:      6.1
	- total device memory:     6144 MB 
	- device memory available: 5220 MB 
	- per-block shared memory: 49152
	- warp size:               32
	- max threads per block:   1024
	- max threads per SM(X):   2048
	- max block sizes:         {1024,1024,64}
	- max grid sizes:          {2147483647,65535,65535}
	- max 2D array texture:    {131072,65536}
	- max 3D array texture:    {16384,16384,16384}
	- max 2D linear texture:   {131072,65000,2097120}
	- max 2D layered texture:  {32768,32768,2048}
	- number of SM(x)s:        10
	- registers per SM(x):     65536
	- registers per block:     65536
	- concurrent kernels:      yes
	- mapping host memory:     yes
	- unified addressing:      yes
	- texture alignment:       512 byte
	- pitch alignment:         32 byte
[06:41:37.353636][info] Supported CUDA-Enabled GPU detected.
[06:41:37.414617][info] Found 1 image dimension(s): 
[06:41:37.414617][info] 	- [1920x1080]
[06:41:37.441608][info] Overall maximum dimension: [1920x1080]
[06:41:37.441608][info] Create depth maps.
[06:41:37.441608][info] # GPU devices: 1, # CPU threads: 4
[06:41:37.441608][info] Plane sweeping parameters:
	- scale: 2
	- step: 2
[06:41:37.441608][info] PlaneSweepingCuda:
	- _nImgsInGPUAtTime: 10
	- scales: 2
	- subPixel: Yes
	- varianceWSH: 4
[06:41:39.748026][info] Estimate depth map, view id: 1954765485
[06:41:42.300879][info] Refine depth map, view id: 1954765485
[06:41:47.301690][info] Estimate depth map, view id: 1976591740
number of CUDA devices:	1
   0: NVIDIA GeForce GTX 1060 6GB
CUDA device no 0 for 0
Device 0 memory - used: 923.125000, free: 5220.875000, total: 6144.000000
Device 0 memory - used: 1031.250000, free: 5112.750000, total: 6144.000000
Device 0 memory - used: 1058.437500, free: 5085.562500, total: 6144.000000
total size of volume map in GPU memory: 27.158203
nDepths 412, nDepthsToSearch 412 
ps_computeSimilarityVolume elapsed time: 16.000000 ms 
Device 0 memory - used: 1058.437500, free: 5085.562500, total: 6144.000000
total size of volume map in GPU memory: 27.158203
nDepths 412, nDepthsToSearch 412 
ps_computeSimilarityVolume elapsed time: 9.000000 ms 
Device 0 memory - used: 1051.125000, free: 5092.875000, total: 6144.000000
total size of volume map in GPU memory: 19.841309
nDepths 301, nDepthsToSearch 301 
ps_computeSimilarityVolume elapsed time: 9.000000 ms 
Device 0 memory - used: 1051.125000, free: 5092.875000, total: 6144.000000
total size of volume map in GPU memory: 19.841309
nDepths 301, nDepthsToSearch 301 
ps_computeSimilarityVolume elapsed time: 10.000000 ms 
Device 0 memory - used: 1051.125000, free: 5092.875000, total: 6144.000000
total size of volume map in GPU memory: 19.841309
nDepths 301, nDepthsToSearch 301 
ps_computeSimilarityVolume elapsed time: 8.000000 ms 
Device 0 memory - used: 1058.437500, free: 5085.562500, total: 6144.000000
total size of volume map in GPU memory: 27.158203
nDepths 412, nDepthsToSearch 412 
ps_computeSimilarityVolume elapsed time: 12.000000 ms 
Device 0 memory - used: 1058.437500, free: 5085.562500, total: 6144.000000
total size of volume map in GPU memory: 27.158203
nDepths 412, nDepthsToSearch 412 
ps_computeSimilarityVolume elapsed time: 9.000000 ms 
Device 0 memory - used: 1051.125000, free: 5092.875000, total: 6144.000000
total size of volume map in GPU memory: 19.841309
nDepths 301, nDepthsToSearch 301 
ps_computeSimilarityVolume elapsed time: 8.000000 ms 
Device 0 memory - used: 1051.125000, free: 5092.875000, total: 6144.000000
total size of volume map in GPU memory: 19.841309
nDepths 301, nDepthsToSearch 301 
ps_computeSimilarityVolume elapsed time: 9.000000 ms 
Device 0 memory - used: 1050.062500, free: 5093.937500, total: 6144.000000
total size of volume map in GPU memory: 18.786621
nDepths 285, nDepthsToSearch 285 
ps_computeSimilarityVolume elapsed time: 10.000000 ms 
ps_SGMoptimizeSimVolume
ps_updateAggrVolume
ps_aggregatePathVolume
ps_aggregatePathVolume done
ps_updateAggrVolume done
ps_updateAggrVolume
ps_aggregatePathVolume
ps_aggregatePathVolume done
ps_updateAggrVolume done
ps_updateAggrVolume
ps_aggregatePathVolume
ps_aggregatePathVolume done
ps_updateAggrVolume done
ps_updateAggrVolume
ps_aggregatePathVolume
ps_aggregatePathVolume done
ps_updateAggrVolume done
SGM volume gpu elapsed time: 211.000000 ms 
ps_SGMoptimizeSimVolume done
gpu elapsed time: 53.000000 ms 
gpu elapsed time: 56.000000 ms 
gpu elapsed time: 56.000000 ms 
gpu elapsed time: 55.000000 ms 
gpu elapsed time: 55.000000 ms 
gpu elapsed time: 71.000000 ms 
gpu elapsed time: 73.000000 ms 
gpu elapsed time: 67.000000 ms 
gpu elapsed time: 50.000000 ms 
gpu elapsed time: 65.000000 ms 
gpu elapsed time: 58.000000 ms 
gpu elapsed time: 36.000000 ms 
gpu elapsed time: 46.000000 ms 
gpu elapsed time: 51.000000 ms 
gpu elapsed time: 61.000000 ms 
gpu elapsed time: 52.000000 ms 
gpu elapsed time: 49.000000 ms 
gpu elapsed time: 59.000000 ms 
gpu elapsed time: 56.000000 ms 
gpu elapsed time: 47.000000 ms 
gpu elapsed time: 59.000000 ms 
gpu elapsed time: 62.000000 ms 
gpu elapsed time: 63.000000 ms 
gpu elapsed time: 57.000000 ms 
gpu elapsed time: 78.000000 ms 
gpu elapsed time: 80.000000 ms 
gpu elapsed time: 73.000000 ms 
gpu elapsed time: 69.000000 ms 
rc: 33, gpu elapsed time: 22.000000 ms 
rc: 33, gpu elapsed time: 22.000000 ms 
rc: 33, gpu elapsed time: 21.000000 ms 
rc: 33, gpu elapsed time: 21.000000 ms 
Device 0 memory - used: 1062.500000, free: 5081.500000, total: 6144.000000
total size of volume map in GPU memory: 31.245117
nDepths 474, nDepthsToSearch 474 
ps_computeSimilarityVolume elapsed[06:41:49.970831][info] Refine depth map, view id: 1976591740
[06:41:53.101426][info] Estimate depth map, view id: 2089217842
 time: 13.000000 ms 
Device 0 memory - used: 1055.062500, free: 5088.937500, total: 6144.000000
total size of volume map in GPU memory: 23.796387
nDepths 361, nDepthsToSearch 361 
ps_computeSimilarityVolume elapsed time: 9.000000 ms 
Device 0 memory - used: 1055.062500, free: 5088.937500, total: 6144.000000
total size of volume map in GPU memory: 23.796387
nDepths 361, nDepthsToSearch 361 
ps_computeSimilarityVolume elapsed time: 8.000000 ms 
Device 0 memory - used: 1062.500000, free: 5081.500000, total: 6144.000000
total size of volume map in GPU memory: 31.245117
nDepths 474, nDepthsToSearch 474 
ps_computeSimilarityVolume elapsed time: 14.000000 ms 
Device 0 memory - used: 1059.937500, free: 5084.062500, total: 6144.000000
total size of volume map in GPU memory: 28.674316
nDepths 435, nDepthsToSearch 435 
ps_computeSimilarityVolume elapsed time: 9.000000 ms 
Device 0 memory - used: 1055.062500, free: 5088.937500, total: 6144.000000
total size of volume map in GPU memory: 23.796387
nDepths 361, nDepthsToSearch 361 
ps_computeSimilarityVolume elapsed time: 14.000000 ms 
Device 0 memory - used: 1055.062500, free: 5088.937500, total: 6144.000000
total size of volume map in GPU memory: 23.796387
nDepths 361, nDepthsToSearch 361 
ps_computeSimilarityVolume elapsed time: 8.000000 ms 
Device 0 memory - used: 1051.437500, free: 5092.562500, total: 6144.000000
total size of volume map in GPU memory: 20.170898
nDepths 306, nDepthsToSearch 306 
ps_computeSimilarityVolume elapsed time: 8.000000 ms 
Device 0 memory - used: 1055.062500, free: 5088.937500, total: 6144.000000
total size of volume map in GPU memory: 23.796387
nDepths 361, nDepthsToSearch 361 
ps_computeSimilarityVolume elapsed time: 9.000000 ms 
Device 0 memory - used: 1055.062500, free: 5088.937500, total: 6144.000000
total size of volume map in GPU memory: 23.796387
nDepths 361, nDepthsToSearch 361 
ps_computeSimilarityVolume elapsed time: 9.000000 ms 
ps_SGMoptimizeSimVolume
ps_updateAggrVolume
ps_aggregatePathVolume
ps_aggregatePathVolume done
ps_updateAggrVolume done
ps_updateAggrVolume
ps_aggregatePathVolume
ps_aggregatePathVolume done
ps_updateAggrVolume done
ps_updateAggrVolume
ps_aggregatePathVolume
ps_aggregatePathVolume done
ps_updateAggrVolume done
ps_updateAggrVolume
ps_aggregatePathVolume
ps_aggregatePathVolume done
ps_updateAggrVolume done
SGM volume gpu elapsed time: 288.000000 ms 
ps_SGMoptimizeSimVolume done
gpu elapsed time: 55.000000 ms 
gpu elapsed time: 56.000000 ms 
gpu elapsed time: 55.000000 ms 
gpu elapsed time: 54.000000 ms 
gpu elapsed time: 39.000000 ms 
gpu elapsed time: 52.000000 ms 
gpu elapsed time: 53.000000 ms 
gpu elapsed time: 35.000000 ms 
gpu elapsed time: 49.000000 ms 
gpu elapsed time: 53.000000 ms 
gpu elapsed time: 55.000000 ms 
gpu elapsed time: 47.000000 ms 
gpu elapsed time: 64.000000 ms 
gpu elapsed time: 62.000000 ms 
gpu elapsed time: 60.000000 ms 
gpu elapsed time: 68.000000 ms 
gpu elapsed time: 69.000000 ms 
gpu elapsed time: 53.000000 ms 
gpu elapsed time: 55.000000 ms 
gpu elapsed time: 56.000000 ms 
gpu elapsed time: 37.000000 ms 
gpu elapsed time: 52.000000 ms 
gpu elapsed time: 53.000000 ms 
gpu elapsed time: 40.000000 ms 
gpu elapsed time: 68.000000 ms 
gpu elapsed time: 68.000000 ms 
gpu elapsed time: 67.000000 ms 
gpu elapsed time: 67.000000 ms 
rc: 34, gpu elapsed time: 21.000000 ms 
rc: 34, gpu elapsed time: 24.000000 ms 
rc: 34, gpu elapsed time: 27.000000 ms 
rc: 34, gpu elapsed time: 32.000000 ms 
Device 0 memory - used: 1051.562500, free: 5092.437500, total: 6144.000000
total size of volume map in GPU memory: 20.302734
nDepths 308, nDepthsToSearch 308 
ps_computeSimilarityVolume elapsed time: 7.000000 ms 
Device 0 memory - used: 1051.562500, free: 5092.437500, total: 6144.000000
total size of volume map in GPU memory: 20.302734
nDepths 308, nDepthsToSearch 308 
ps_computeSimilarityVolume elapsed time: 7.000000 ms 
Device 0 memory - used: 1043.500000, free: 5100.500000, total: 6144.000000
total size of volume map in GPU memory: 12.194824
nDepths 185, nDepthsToSearch 185 
ps_computeSimilarityVolume elapsed[06:41:55.030795][info] Refine depth map, view id: 2089217842
[06:41:57.970277][info] Task done in (s): 20.730000
 time: 5.000000 ms 
Device 0 memory - used: 1051.562500, free: 5092.437500, total: 6144.000000
total size of volume map in GPU memory: 20.302734
nDepths 308, nDepthsToSearch 308 
ps_computeSimilarityVolume elapsed time: 7.000000 ms 
Device 0 memory - used: 1043.500000, free: 5100.500000, total: 6144.000000
total size of volume map in GPU memory: 12.194824
nDepths 185, nDepthsToSearch 185 
ps_computeSimilarityVolume elapsed time: 6.000000 ms 
Device 0 memory - used: 1043.500000, free: 5100.500000, total: 6144.000000
total size of volume map in GPU memory: 12.194824
nDepths 185, nDepthsToSearch 185 
ps_computeSimilarityVolume elapsed time: 5.000000 ms 
Device 0 memory - used: 1043.500000, free: 5100.500000, total: 6144.000000
total size of volume map in GPU memory: 12.194824
nDepths 185, nDepthsToSearch 185 
ps_computeSimilarityVolume elapsed time: 6.000000 ms 
Device 0 memory - used: 1051.562500, free: 5092.437500, total: 6144.000000
total size of volume map in GPU memory: 20.302734
nDepths 308, nDepthsToSearch 308 
ps_computeSimilarityVolume elapsed time: 7.000000 ms 
Device 0 memory - used: 1049.125000, free: 5094.875000, total: 6144.000000
total size of volume map in GPU memory: 17.863770
nDepths 271, nDepthsToSearch 271 
ps_computeSimilarityVolume elapsed time: 7.000000 ms 
Device 0 memory - used: 1043.500000, free: 5100.500000, total: 6144.000000
total size of volume map in GPU memory: 12.194824
nDepths 185, nDepthsToSearch 185 
ps_computeSimilarityVolume elapsed time: 4.000000 ms 
ps_SGMoptimizeSimVolume
ps_updateAggrVolume
ps_aggregatePathVolume
ps_aggregatePathVolume done
ps_updateAggrVolume done
ps_updateAggrVolume
ps_aggregatePathVolume
ps_aggregatePathVolume done
ps_updateAggrVolume done
ps_updateAggrVolume
ps_aggregatePathVolume
ps_aggregatePathVolume done
ps_updateAggrVolume done
ps_updateAggrVolume
ps_aggregatePathVolume
ps_aggregatePathVolume done
ps_updateAggrVolume done
SGM volume gpu elapsed time: 212.000000 ms 
ps_SGMoptimizeSimVolume done
gpu elapsed time: 50.000000 ms 
gpu elapsed time: 55.000000 ms 
gpu elapsed time: 61.000000 ms 
gpu elapsed time: 61.000000 ms 
gpu elapsed time: 67.000000 ms 
gpu elapsed time: 60.000000 ms 
gpu elapsed time: 59.000000 ms 
gpu elapsed time: 59.000000 ms 
gpu elapsed time: 61.000000 ms 
gpu elapsed time: 60.000000 ms 
gpu elapsed time: 59.000000 ms 
gpu elapsed time: 61.000000 ms 
gpu elapsed time: 49.000000 ms 
gpu elapsed time: 59.000000 ms 
gpu elapsed time: 59.000000 ms 
gpu elapsed time: 55.000000 ms 
gpu elapsed time: 62.000000 ms 
gpu elapsed time: 61.000000 ms 
gpu elapsed time: 61.000000 ms 
gpu elapsed time: 62.000000 ms 
gpu elapsed time: 62.000000 ms 
gpu elapsed time: 59.000000 ms 
gpu elapsed time: 61.000000 ms 
gpu elapsed time: 63.000000 ms 
gpu elapsed time: 73.000000 ms 
gpu elapsed time: 71.000000 ms 
gpu elapsed time: 82.000000 ms 
gpu elapsed time: 133.000000 ms 
rc: 35, gpu elapsed time: 36.000000 ms 
rc: 35, gpu elapsed time: 33.000000 ms 
rc: 35, gpu elapsed time: 37.000000 ms 
rc: 35, gpu elapsed time: 53.000000 ms 
