Program called with the following parameters:
 * downscale = 2
 * exportIntermediateResults = 0
 * imagesFolder = "D:/Develop/Model/Photogrammetry/Meshroom/ReloadModel/MeshroomCache/PrepareDenseScene/d6e5150f703c4cc8e270b95915e81d68e58b6f79"
 * input = "D:/Develop/Model/Photogrammetry/Meshroom/ReloadModel/MeshroomCache/StructureFromMotion/cc5d6254f77437b39c0974287c9a767eaeae262e/sfm.abc"
 * maxViewAngle = 70
 * minViewAngle = 2
 * nbGPUs = 0
 * output = "D:/Develop/Model/Photogrammetry/Meshroom/ReloadModel/MeshroomCache/DepthMap/f65a118cd95afcbe272dda2b51794539e3c761ea"
 * rangeSize = 3
 * rangeStart = 15
 * refineGammaC = 15.5
 * refineGammaP = 8
 * refineMaxTCams = 6
 * refineNDepthsToRefine = 31
 * refineNSamplesHalf = 150
 * refineNiters = 100
 * refineSigma = 15
 * refineUseTcOrRcPixSize = 0
 * refineWSH = 3
 * sgmGammaC = 5.5
 * sgmGammaP = 8
 * sgmMaxTCams = 10
 * sgmWSH = 4
 * verboseLevel = "info"

[06:39:37.454618][info] CUDA-Enabled GPU.
Device information:
	- id:                      0
	- name:                    NVIDIA GeForce GTX 1060 6GB
	- compute capability:      6.1
	- total device memory:     6144 MB 
	- device memory available: 5220 MB 
	- per-block shared memory: 49152
	- warp size:               32
	- max threads per block:   1024
	- max threads per SM(X):   2048
	- max block sizes:         {1024,1024,64}
	- max grid sizes:          {2147483647,65535,65535}
	- max 2D array texture:    {131072,65536}
	- max 3D array texture:    {16384,16384,16384}
	- max 2D linear texture:   {131072,65000,2097120}
	- max 2D layered texture:  {32768,32768,2048}
	- number of SM(x)s:        10
	- registers per SM(x):     65536
	- registers per block:     65536
	- concurrent kernels:      yes
	- mapping host memory:     yes
	- unified addressing:      yes
	- texture alignment:       512 byte
	- pitch alignment:         32 byte
[06:39:37.577579][info] Supported CUDA-Enabled GPU detected.
[06:39:37.640558][info] Found 1 image dimension(s): 
[06:39:37.640558][info] 	- [1920x1080]
[06:39:37.667549][info] Overall maximum dimension: [1920x1080]
[06:39:37.667549][info] Create depth maps.
[06:39:37.667549][info] # GPU devices: 1, # CPU threads: 4
[06:39:37.667549][info] Plane sweeping parameters:
	- scale: 2
	- step: 2
[06:39:37.667549][info] PlaneSweepingCuda:
	- _nImgsInGPUAtTime: 10
	- scales: 2
	- subPixel: Yes
	- varianceWSH: 4
[06:39:39.915389][info] Estimate depth map, view id: 1045860334
[06:39:42.415682][info] Refine depth map, view id: 1045860334
[06:39:46.589799][info] Estimate depth map, view id: 1048924566
number of CUDA devices:	1
   0: NVIDIA GeForce GTX 1060 6GB
CUDA device no 0 for 0
Device 0 memory - used: 923.125000, free: 5220.875000, total: 6144.000000
Device 0 memory - used: 1031.250000, free: 5112.750000, total: 6144.000000
Device 0 memory - used: 1054.937500, free: 5089.062500, total: 6144.000000
total size of volume map in GPU memory: 23.664551
nDepths 359, nDepthsToSearch 359 
ps_computeSimilarityVolume elapsed time: 13.000000 ms 
Device 0 memory - used: 1062.562500, free: 5081.437500, total: 6144.000000
total size of volume map in GPU memory: 31.311035
nDepths 475, nDepthsToSearch 475 
ps_computeSimilarityVolume elapsed time: 11.000000 ms 
Device 0 memory - used: 1062.562500, free: 5081.437500, total: 6144.000000
total size of volume map in GPU memory: 31.311035
nDepths 475, nDepthsToSearch 475 
ps_computeSimilarityVolume elapsed time: 10.000000 ms 
Device 0 memory - used: 1054.937500, free: 5089.062500, total: 6144.000000
total size of volume map in GPU memory: 23.664551
nDepths 359, nDepthsToSearch 359 
ps_computeSimilarityVolume elapsed time: 8.000000 ms 
Device 0 memory - used: 1054.937500, free: 5089.062500, total: 6144.000000
total size of volume map in GPU memory: 23.664551
nDepths 359, nDepthsToSearch 359 
ps_computeSimilarityVolume elapsed time: 10.000000 ms 
Device 0 memory - used: 1060.375000, free: 5083.625000, total: 6144.000000
total size of volume map in GPU memory: 29.069824
nDepths 441, nDepthsToSearch 441 
ps_computeSimilarityVolume elapsed time: 9.000000 ms 
Device 0 memory - used: 1054.937500, free: 5089.062500, total: 6144.000000
total size of volume map in GPU memory: 23.664551
nDepths 359, nDepthsToSearch 359 
ps_computeSimilarityVolume elapsed time: 9.000000 ms 
Device 0 memory - used: 1054.937500, free: 5089.062500, total: 6144.000000
total size of volume map in GPU memory: 23.664551
nDepths 359, nDepthsToSearch 359 
ps_computeSimilarityVolume elapsed time: 9.000000 ms 
Device 0 memory - used: 1059.437500, free: 5084.562500, total: 6144.000000
total size of volume map in GPU memory: 28.146973
nDepths 427, nDepthsToSearch 427 
ps_computeSimilarityVolume elapsed time: 10.000000 ms 
Device 0 memory - used: 1051.250000, free: 5092.750000, total: 6144.000000
total size of volume map in GPU memory: 19.973145
nDepths 303, nDepthsToSearch 303 
ps_computeSimilarityVolume elapsed time: 7.000000 ms 
ps_SGMoptimizeSimVolume
ps_updateAggrVolume
ps_aggregatePathVolume
ps_aggregatePathVolume done
ps_updateAggrVolume done
ps_updateAggrVolume
ps_aggregatePathVolume
ps_aggregatePathVolume done
ps_updateAggrVolume done
ps_updateAggrVolume
ps_aggregatePathVolume
ps_aggregatePathVolume done
ps_updateAggrVolume done
ps_updateAggrVolume
ps_aggregatePathVolume
ps_aggregatePathVolume done
ps_updateAggrVolume done
SGM volume gpu elapsed time: 187.000000 ms 
ps_SGMoptimizeSimVolume done
gpu elapsed time: 37.000000 ms 
gpu elapsed time: 52.000000 ms 
gpu elapsed time: 54.000000 ms 
gpu elapsed time: 34.000000 ms 
gpu elapsed time: 53.000000 ms 
gpu elapsed time: 56.000000 ms 
gpu elapsed time: 55.000000 ms 
gpu elapsed time: 61.000000 ms 
gpu elapsed time: 52.000000 ms 
gpu elapsed time: 56.000000 ms 
gpu elapsed time: 57.000000 ms 
gpu elapsed time: 55.000000 ms 
gpu elapsed time: 47.000000 ms 
gpu elapsed time: 53.000000 ms 
gpu elapsed time: 54.000000 ms 
gpu elapsed time: 44.000000 ms 
gpu elapsed time: 43.000000 ms 
gpu elapsed time: 54.000000 ms 
gpu elapsed time: 55.000000 ms 
gpu elapsed time: 43.000000 ms 
gpu elapsed time: 55.000000 ms 
gpu elapsed time: 54.000000 ms 
gpu elapsed time: 55.000000 ms 
gpu elapsed time: 56.000000 ms 
gpu elapsed time: 68.000000 ms 
gpu elapsed time: 68.000000 ms 
gpu elapsed time: 68.000000 ms 
gpu elapsed time: 67.000000 ms 
rc: 15, gpu elapsed time: 21.000000 ms 
rc: 15, gpu elapsed time: 22.000000 ms 
rc: 15, gpu elapsed time: 22.000000 ms 
rc: 15, gpu elapsed time: 22.000000 ms 
Device 0 memory - used: 1062.750000, free: 5081.250000, total: 6144.000000
total size of volume map in GPU memory: 31.442871
nDepths 477, nDepthsToSearch 477 
ps_computeSimilarityVolume elapse[06:39:49.030013][info] Refine depth map, view id: 1048924566
[06:39:51.544056][info] Estimate depth map, view id: 1071765887
d time: 10.000000 ms 
Device 0 memory - used: 1055.125000, free: 5088.875000, total: 6144.000000
total size of volume map in GPU memory: 23.862305
nDepths 362, nDepthsToSearch 362 
ps_computeSimilarityVolume elapsed time: 8.000000 ms 
Device 0 memory - used: 1062.750000, free: 5081.250000, total: 6144.000000
total size of volume map in GPU memory: 31.442871
nDepths 477, nDepthsToSearch 477 
ps_computeSimilarityVolume elapsed time: 10.000000 ms 
Device 0 memory - used: 1061.250000, free: 5082.750000, total: 6144.000000
total size of volume map in GPU memory: 29.992676
nDepths 455, nDepthsToSearch 455 
ps_computeSimilarityVolume elapsed time: 10.000000 ms 
Device 0 memory - used: 1055.125000, free: 5088.875000, total: 6144.000000
total size of volume map in GPU memory: 23.862305
nDepths 362, nDepthsToSearch 362 
ps_computeSimilarityVolume elapsed time: 8.000000 ms 
Device 0 memory - used: 1055.125000, free: 5088.875000, total: 6144.000000
total size of volume map in GPU memory: 23.862305
nDepths 362, nDepthsToSearch 362 
ps_computeSimilarityVolume elapsed time: 10.000000 ms 
Device 0 memory - used: 1052.437500, free: 5091.562500, total: 6144.000000
total size of volume map in GPU memory: 21.159668
nDepths 321, nDepthsToSearch 321 
ps_computeSimilarityVolume elapsed time: 9.000000 ms 
Device 0 memory - used: 1055.125000, free: 5088.875000, total: 6144.000000
total size of volume map in GPU memory: 23.862305
nDepths 362, nDepthsToSearch 362 
ps_computeSimilarityVolume elapsed time: 9.000000 ms 
Device 0 memory - used: 1055.125000, free: 5088.875000, total: 6144.000000
total size of volume map in GPU memory: 23.862305
nDepths 362, nDepthsToSearch 362 
ps_computeSimilarityVolume elapsed time: 9.000000 ms 
Device 0 memory - used: 1060.562500, free: 5083.437500, total: 6144.000000
total size of volume map in GPU memory: 29.267578
nDepths 444, nDepthsToSearch 444 
ps_computeSimilarityVolume elapsed time: 10.000000 ms 
ps_SGMoptimizeSimVolume
ps_updateAggrVolume
ps_aggregatePathVolume
ps_aggregatePathVolume done
ps_updateAggrVolume done
ps_updateAggrVolume
ps_aggregatePathVolume
ps_aggregatePathVolume done
ps_updateAggrVolume done
ps_updateAggrVolume
ps_aggregatePathVolume
ps_aggregatePathVolume done
ps_updateAggrVolume done
ps_updateAggrVolume
ps_aggregatePathVolume
ps_aggregatePathVolume done
ps_updateAggrVolume done
SGM volume gpu elapsed time: 191.000000 ms 
ps_SGMoptimizeSimVolume done
gpu elapsed time: 54.000000 ms 
gpu elapsed time: 56.000000 ms 
gpu elapsed time: 56.000000 ms 
gpu elapsed time: 55.000000 ms 
gpu elapsed time: 32.000000 ms 
gpu elapsed time: 54.000000 ms 
gpu elapsed time: 52.000000 ms 
gpu elapsed time: 38.000000 ms 
gpu elapsed time: 55.000000 ms 
gpu elapsed time: 56.000000 ms 
gpu elapsed time: 55.000000 ms 
gpu elapsed time: 52.000000 ms 
gpu elapsed time: 56.000000 ms 
gpu elapsed time: 56.000000 ms 
gpu elapsed time: 55.000000 ms 
gpu elapsed time: 55.000000 ms 
gpu elapsed time: 43.000000 ms 
gpu elapsed time: 55.000000 ms 
gpu elapsed time: 54.000000 ms 
gpu elapsed time: 50.000000 ms 
gpu elapsed time: 37.000000 ms 
gpu elapsed time: 55.000000 ms 
gpu elapsed time: 53.000000 ms 
gpu elapsed time: 38.000000 ms 
gpu elapsed time: 68.000000 ms 
gpu elapsed time: 68.000000 ms 
gpu elapsed time: 68.000000 ms 
gpu elapsed time: 68.000000 ms 
rc: 16, gpu elapsed time: 22.000000 ms 
rc: 16, gpu elapsed time: 20.000000 ms 
rc: 16, gpu elapsed time: 22.000000 ms 
rc: 16, gpu elapsed time: 21.000000 ms 
Device 0 memory - used: 1052.000000, free: 5092.000000, total: 6144.000000
total size of volume map in GPU memory: 20.698242
nDepths 314, nDepthsToSearch 314 
ps_computeSimilarityVolume elapsed time: 6.000000 ms 
Device 0 memory - used: 1052.000000, free: 5092.000000, total: 6144.000000
total size of volume map in GPU memory: 20.698242
nDepths 314, nDepthsToSearch 314 
ps_computeSimilarityVolume elapsed time: 8.000000 ms 
Device 0 memory - used: 1044.125000, free: 5099.875000, total: 6144.000000
total size of volume map in GPU memory: 12.854004
nDepths 195, nDepthsToSearch 195 
ps_computeSimilarityVolume elap[06:39:53.495427][info] Refine depth map, view id: 1071765887
[06:39:55.799807][info] Task done in (s): 18.347000
sed time: 5.000000 ms 
Device 0 memory - used: 1052.000000, free: 5092.000000, total: 6144.000000
total size of volume map in GPU memory: 20.698242
nDepths 314, nDepthsToSearch 314 
ps_computeSimilarityVolume elapsed time: 8.000000 ms 
Device 0 memory - used: 1044.125000, free: 5099.875000, total: 6144.000000
total size of volume map in GPU memory: 12.854004
nDepths 195, nDepthsToSearch 195 
ps_computeSimilarityVolume elapsed time: 5.000000 ms 
Device 0 memory - used: 1044.125000, free: 5099.875000, total: 6144.000000
total size of volume map in GPU memory: 12.854004
nDepths 195, nDepthsToSearch 195 
ps_computeSimilarityVolume elapsed time: 7.000000 ms 
Device 0 memory - used: 1044.125000, free: 5099.875000, total: 6144.000000
total size of volume map in GPU memory: 12.854004
nDepths 195, nDepthsToSearch 195 
ps_computeSimilarityVolume elapsed time: 9.000000 ms 
Device 0 memory - used: 1052.000000, free: 5092.000000, total: 6144.000000
total size of volume map in GPU memory: 20.698242
nDepths 314, nDepthsToSearch 314 
ps_computeSimilarityVolume elapsed time: 8.000000 ms 
Device 0 memory - used: 1052.000000, free: 5092.000000, total: 6144.000000
total size of volume map in GPU memory: 20.698242
nDepths 314, nDepthsToSearch 314 
ps_computeSimilarityVolume elapsed time: 9.000000 ms 
Device 0 memory - used: 1044.125000, free: 5099.875000, total: 6144.000000
total size of volume map in GPU memory: 12.854004
nDepths 195, nDepthsToSearch 195 
ps_computeSimilarityVolume elapsed time: 5.000000 ms 
ps_SGMoptimizeSimVolume
ps_updateAggrVolume
ps_aggregatePathVolume
ps_aggregatePathVolume done
ps_updateAggrVolume done
ps_updateAggrVolume
ps_aggregatePathVolume
ps_aggregatePathVolume done
ps_updateAggrVolume done
ps_updateAggrVolume
ps_aggregatePathVolume
ps_aggregatePathVolume done
ps_updateAggrVolume done
ps_updateAggrVolume
ps_aggregatePathVolume
ps_aggregatePathVolume done
ps_updateAggrVolume done
SGM volume gpu elapsed time: 157.000000 ms 
ps_SGMoptimizeSimVolume done
gpu elapsed time: 53.000000 ms 
gpu elapsed time: 55.000000 ms 
gpu elapsed time: 53.000000 ms 
gpu elapsed time: 51.000000 ms 
gpu elapsed time: 54.000000 ms 
gpu elapsed time: 56.000000 ms 
gpu elapsed time: 56.000000 ms 
gpu elapsed time: 55.000000 ms 
gpu elapsed time: 57.000000 ms 
gpu elapsed time: 57.000000 ms 
gpu elapsed time: 58.000000 ms 
gpu elapsed time: 58.000000 ms 
gpu elapsed time: 54.000000 ms 
gpu elapsed time: 56.000000 ms 
gpu elapsed time: 54.000000 ms 
gpu elapsed time: 48.000000 ms 
gpu elapsed time: 59.000000 ms 
gpu elapsed time: 56.000000 ms 
gpu elapsed time: 55.000000 ms 
gpu elapsed time: 60.000000 ms 
gpu elapsed time: 59.000000 ms 
gpu elapsed time: 57.000000 ms 
gpu elapsed time: 56.000000 ms 
gpu elapsed time: 59.000000 ms 
gpu elapsed time: 69.000000 ms 
gpu elapsed time: 70.000000 ms 
gpu elapsed time: 69.000000 ms 
gpu elapsed time: 72.000000 ms 
rc: 17, gpu elapsed time: 24.000000 ms 
rc: 17, gpu elapsed time: 21.000000 ms 
rc: 17, gpu elapsed time: 22.000000 ms 
rc: 17, gpu elapsed time: 21.000000 ms 
