Program called with the following parameters:
 * downscale = 2
 * exportIntermediateResults = 0
 * imagesFolder = "D:/Develop/Model/Photogrammetry/Meshroom/ReloadModel/MeshroomCache/PrepareDenseScene/d6e5150f703c4cc8e270b95915e81d68e58b6f79"
 * input = "D:/Develop/Model/Photogrammetry/Meshroom/ReloadModel/MeshroomCache/StructureFromMotion/cc5d6254f77437b39c0974287c9a767eaeae262e/sfm.abc"
 * maxViewAngle = 70
 * minViewAngle = 2
 * nbGPUs = 0
 * output = "D:/Develop/Model/Photogrammetry/Meshroom/ReloadModel/MeshroomCache/DepthMap/f65a118cd95afcbe272dda2b51794539e3c761ea"
 * rangeSize = 3
 * rangeStart = 24
 * refineGammaC = 15.5
 * refineGammaP = 8
 * refineMaxTCams = 6
 * refineNDepthsToRefine = 31
 * refineNSamplesHalf = 150
 * refineNiters = 100
 * refineSigma = 15
 * refineUseTcOrRcPixSize = 0
 * refineWSH = 3
 * sgmGammaC = 5.5
 * sgmGammaP = 8
 * sgmMaxTCams = 10
 * sgmWSH = 4
 * verboseLevel = "info"

[06:40:34.109679][info] CUDA-Enabled GPU.
Device information:
	- id:                      0
	- name:                    NVIDIA GeForce GTX 1060 6GB
	- compute capability:      6.1
	- total device memory:     6144 MB 
	- device memory available: 5220 MB 
	- per-block shared memory: 49152
	- warp size:               32
	- max threads per block:   1024
	- max threads per SM(X):   2048
	- max block sizes:         {1024,1024,64}
	- max grid sizes:          {2147483647,65535,65535}
	- max 2D array texture:    {131072,65536}
	- max 3D array texture:    {16384,16384,16384}
	- max 2D linear texture:   {131072,65000,2097120}
	- max 2D layered texture:  {32768,32768,2048}
	- number of SM(x)s:        10
	- registers per SM(x):     65536
	- registers per block:     65536
	- concurrent kernels:      yes
	- mapping host memory:     yes
	- unified addressing:      yes
	- texture alignment:       512 byte
	- pitch alignment:         32 byte
[06:40:34.222643][info] Supported CUDA-Enabled GPU detected.
[06:40:34.284623][info] Found 1 image dimension(s): 
[06:40:34.284623][info] 	- [1920x1080]
[06:40:34.312614][info] Overall maximum dimension: [1920x1080]
[06:40:34.312614][info] Create depth maps.
[06:40:34.312614][info] # GPU devices: 1, # CPU threads: 4
[06:40:34.312614][info] Plane sweeping parameters:
	- scale: 2
	- step: 2
[06:40:34.312614][info] PlaneSweepingCuda:
	- _nImgsInGPUAtTime: 10
	- scales: 2
	- subPixel: Yes
	- varianceWSH: 4
[06:40:36.754404][info] Estimate depth map, view id: 1484429211
[06:40:40.187119][info] Refine depth map, view id: 1484429211
[06:40:43.359026][info] Estimate depth map, view id: 1561737519
number of CUDA devices:	1
   0: NVIDIA GeForce GTX 1060 6GB
CUDA device no 0 for 0
Device 0 memory - used: 923.125000, free: 5220.875000, total: 6144.000000
Device 0 memory - used: 1031.250000, free: 5112.750000, total: 6144.000000
Device 0 memory - used: 1063.562500, free: 5080.437500, total: 6144.000000
total size of volume map in GPU memory: 32.299805
nDepths 490, nDepthsToSearch 490 
ps_computeSimilarityVolume elapsed time: 10.000000 ms 
Device 0 memory - used: 1056.062500, free: 5087.937500, total: 6144.000000
total size of volume map in GPU memory: 24.785156
nDepths 376, nDepthsToSearch 376 
ps_computeSimilarityVolume elapsed time: 13.000000 ms 
Device 0 memory - used: 1062.000000, free: 5082.000000, total: 6144.000000
total size of volume map in GPU memory: 30.717773
nDepths 466, nDepthsToSearch 466 
ps_computeSimilarityVolume elapsed time: 13.000000 ms 
Device 0 memory - used: 1056.062500, free: 5087.937500, total: 6144.000000
total size of volume map in GPU memory: 24.785156
nDepths 376, nDepthsToSearch 376 
ps_computeSimilarityVolume elapsed time: 14.000000 ms 
Device 0 memory - used: 1063.562500, free: 5080.437500, total: 6144.000000
total size of volume map in GPU memory: 32.299805
nDepths 490, nDepthsToSearch 490 
ps_computeSimilarityVolume elapsed time: 15.000000 ms 
Device 0 memory - used: 1056.062500, free: 5087.937500, total: 6144.000000
total size of volume map in GPU memory: 24.785156
nDepths 376, nDepthsToSearch 376 
ps_computeSimilarityVolume elapsed time: 13.000000 ms 
Device 0 memory - used: 1056.125000, free: 5087.875000, total: 6144.000000
total size of volume map in GPU memory: 24.851074
nDepths 377, nDepthsToSearch 377 
ps_computeSimilarityVolume elapsed time: 15.000000 ms 
Device 0 memory - used: 1056.062500, free: 5087.937500, total: 6144.000000
total size of volume map in GPU memory: 24.785156
nDepths 376, nDepthsToSearch 376 
ps_computeSimilarityVolume elapsed time: 12.000000 ms 
Device 0 memory - used: 1056.062500, free: 5087.937500, total: 6144.000000
total size of volume map in GPU memory: 24.785156
nDepths 376, nDepthsToSearch 376 
ps_computeSimilarityVolume elapsed time: 11.000000 ms 
Device 0 memory - used: 1061.125000, free: 5082.875000, total: 6144.000000
total size of volume map in GPU memory: 29.860840
nDepths 453, nDepthsToSearch 453 
ps_computeSimilarityVolume elapsed time: 13.000000 ms 
ps_SGMoptimizeSimVolume
ps_updateAggrVolume
ps_aggregatePathVolume
ps_aggregatePathVolume done
ps_updateAggrVolume done
ps_updateAggrVolume
ps_aggregatePathVolume
ps_aggregatePathVolume done
ps_updateAggrVolume done
ps_updateAggrVolume
ps_aggregatePathVolume
ps_aggregatePathVolume done
ps_updateAggrVolume done
ps_updateAggrVolume
ps_aggregatePathVolume
ps_aggregatePathVolume done
ps_updateAggrVolume done
SGM volume gpu elapsed time: 256.000000 ms 
ps_SGMoptimizeSimVolume done
gpu elapsed time: 54.000000 ms 
gpu elapsed time: 56.000000 ms 
gpu elapsed time: 57.000000 ms 
gpu elapsed time: 68.000000 ms 
gpu elapsed time: 67.000000 ms 
gpu elapsed time: 58.000000 ms 
gpu elapsed time: 55.000000 ms 
gpu elapsed time: 57.000000 ms 
gpu elapsed time: 54.000000 ms 
gpu elapsed time: 56.000000 ms 
gpu elapsed time: 54.000000 ms 
gpu elapsed time: 53.000000 ms 
gpu elapsed time: 57.000000 ms 
gpu elapsed time: 57.000000 ms 
gpu elapsed time: 56.000000 ms 
gpu elapsed time: 58.000000 ms 
gpu elapsed time: 53.000000 ms 
gpu elapsed time: 54.000000 ms 
gpu elapsed time: 55.000000 ms 
gpu elapsed time: 51.000000 ms 
gpu elapsed time: 56.000000 ms 
gpu elapsed time: 57.000000 ms 
gpu elapsed time: 56.000000 ms 
gpu elapsed time: 54.000000 ms 
gpu elapsed time: 68.000000 ms 
gpu elapsed time: 84.000000 ms 
gpu elapsed time: 77.000000 ms 
gpu elapsed time: 102.000000 ms 
rc: 24, gpu elapsed time: 30.000000 ms 
rc: 24, gpu elapsed time: 20.000000 ms 
rc: 24, gpu elapsed time: 26.000000 ms 
rc: 24, gpu elapsed time: 38.000000 ms 
Device 0 memory - used: 1060.812500, free: 5083.187500, total: 6144.000000
total size of volume map in GPU memory: 29.531250
nDepths 448, nDepthsToSearch 448 
ps_computeSimilarityVolume [06:40:45.987180][info] Refine depth map, view id: 1561737519
[06:40:49.597017][info] Estimate depth map, view id: 1591168098
elapsed time: 11.000000 ms 
Device 0 memory - used: 1060.812500, free: 5083.187500, total: 6144.000000
total size of volume map in GPU memory: 29.531250
nDepths 448, nDepthsToSearch 448 
ps_computeSimilarityVolume elapsed time: 10.000000 ms 
Device 0 memory - used: 1053.375000, free: 5090.625000, total: 6144.000000
total size of volume map in GPU memory: 22.082520
nDepths 335, nDepthsToSearch 335 
ps_computeSimilarityVolume elapsed time: 8.000000 ms 
Device 0 memory - used: 1053.375000, free: 5090.625000, total: 6144.000000
total size of volume map in GPU memory: 22.082520
nDepths 335, nDepthsToSearch 335 
ps_computeSimilarityVolume elapsed time: 11.000000 ms 
Device 0 memory - used: 1059.375000, free: 5084.625000, total: 6144.000000
total size of volume map in GPU memory: 28.081055
nDepths 426, nDepthsToSearch 426 
ps_computeSimilarityVolume elapsed time: 12.000000 ms 
Device 0 memory - used: 1053.375000, free: 5090.625000, total: 6144.000000
total size of volume map in GPU memory: 22.082520
nDepths 335, nDepthsToSearch 335 
ps_computeSimilarityVolume elapsed time: 8.000000 ms 
Device 0 memory - used: 1053.375000, free: 5090.625000, total: 6144.000000
total size of volume map in GPU memory: 22.082520
nDepths 335, nDepthsToSearch 335 
ps_computeSimilarityVolume elapsed time: 14.000000 ms 
Device 0 memory - used: 1053.312500, free: 5090.687500, total: 6144.000000
total size of volume map in GPU memory: 22.016602
nDepths 334, nDepthsToSearch 334 
ps_computeSimilarityVolume elapsed time: 14.000000 ms 
Device 0 memory - used: 1058.312500, free: 5085.687500, total: 6144.000000
total size of volume map in GPU memory: 27.026367
nDepths 410, nDepthsToSearch 410 
ps_computeSimilarityVolume elapsed time: 13.000000 ms 
Device 0 memory - used: 1053.375000, free: 5090.625000, total: 6144.000000
total size of volume map in GPU memory: 22.082520
nDepths 335, nDepthsToSearch 335 
ps_computeSimilarityVolume elapsed time: 11.000000 ms 
ps_SGMoptimizeSimVolume
ps_updateAggrVolume
ps_aggregatePathVolume
ps_aggregatePathVolume done
ps_updateAggrVolume done
ps_updateAggrVolume
ps_aggregatePathVolume
ps_aggregatePathVolume done
ps_updateAggrVolume done
ps_updateAggrVolume
ps_aggregatePathVolume
ps_aggregatePathVolume done
ps_updateAggrVolume done
ps_updateAggrVolume
ps_aggregatePathVolume
ps_aggregatePathVolume done
ps_updateAggrVolume done
SGM volume gpu elapsed time: 213.000000 ms 
ps_SGMoptimizeSimVolume done
gpu elapsed time: 54.000000 ms 
gpu elapsed time: 57.000000 ms 
gpu elapsed time: 57.000000 ms 
gpu elapsed time: 54.000000 ms 
gpu elapsed time: 52.000000 ms 
gpu elapsed time: 56.000000 ms 
gpu elapsed time: 55.000000 ms 
gpu elapsed time: 51.000000 ms 
gpu elapsed time: 56.000000 ms 
gpu elapsed time: 56.000000 ms 
gpu elapsed time: 56.000000 ms 
gpu elapsed time: 60.000000 ms 
gpu elapsed time: 56.000000 ms 
gpu elapsed time: 57.000000 ms 
gpu elapsed time: 55.000000 ms 
gpu elapsed time: 57.000000 ms 
gpu elapsed time: 55.000000 ms 
gpu elapsed time: 56.000000 ms 
gpu elapsed time: 54.000000 ms 
gpu elapsed time: 54.000000 ms 
gpu elapsed time: 59.000000 ms 
gpu elapsed time: 57.000000 ms 
gpu elapsed time: 56.000000 ms 
gpu elapsed time: 57.000000 ms 
gpu elapsed time: 70.000000 ms 
gpu elapsed time: 66.000000 ms 
gpu elapsed time: 69.000000 ms 
gpu elapsed time: 68.000000 ms 
rc: 25, gpu elapsed time: 21.000000 ms 
rc: 25, gpu elapsed time: 21.000000 ms 
rc: 25, gpu elapsed time: 21.000000 ms 
rc: 25, gpu elapsed time: 21.000000 ms 
Device 0 memory - used: 1051.562500, free: 5092.437500, total: 6144.000000
total size of volume map in GPU memory: 20.302734
nDepths 308, nDepthsToSearch 308 
ps_computeSimilarityVolume elapsed time: 10.000000 ms 
Device 0 memory - used: 1051.562500, free: 5092.437500, total: 6144.000000
total size of volume map in GPU memory: 20.302734
nDepths 308, nDepthsToSearch 308 
ps_computeSimilarityVolume elapsed time: 8.000000 ms 
Device 0 memory - used: 1043.375000, free: 5100.625000, total: 6144.000000
total size of volume map in GPU memory: 12.062988
nDepths 183, nDepthsToSearch 183 
ps_computeSimilarityV[06:40:51.613368][info] Refine depth map, view id: 1591168098
[06:40:54.217549][info] Task done in (s): 20.109000
olume elapsed time: 5.000000 ms 
Device 0 memory - used: 1043.375000, free: 5100.625000, total: 6144.000000
total size of volume map in GPU memory: 12.062988
nDepths 183, nDepthsToSearch 183 
ps_computeSimilarityVolume elapsed time: 5.000000 ms 
Device 0 memory - used: 1043.375000, free: 5100.625000, total: 6144.000000
total size of volume map in GPU memory: 12.062988
nDepths 183, nDepthsToSearch 183 
ps_computeSimilarityVolume elapsed time: 6.000000 ms 
Device 0 memory - used: 1051.562500, free: 5092.437500, total: 6144.000000
total size of volume map in GPU memory: 20.302734
nDepths 308, nDepthsToSearch 308 
ps_computeSimilarityVolume elapsed time: 8.000000 ms 
Device 0 memory - used: 1051.562500, free: 5092.437500, total: 6144.000000
total size of volume map in GPU memory: 20.302734
nDepths 308, nDepthsToSearch 308 
ps_computeSimilarityVolume elapsed time: 8.000000 ms 
Device 0 memory - used: 1043.375000, free: 5100.625000, total: 6144.000000
total size of volume map in GPU memory: 12.062988
nDepths 183, nDepthsToSearch 183 
ps_computeSimilarityVolume elapsed time: 6.000000 ms 
Device 0 memory - used: 1043.375000, free: 5100.625000, total: 6144.000000
total size of volume map in GPU memory: 12.062988
nDepths 183, nDepthsToSearch 183 
ps_computeSimilarityVolume elapsed time: 5.000000 ms 
Device 0 memory - used: 1051.562500, free: 5092.437500, total: 6144.000000
total size of volume map in GPU memory: 20.302734
nDepths 308, nDepthsToSearch 308 
ps_computeSimilarityVolume elapsed time: 15.000000 ms 
ps_SGMoptimizeSimVolume
ps_updateAggrVolume
ps_aggregatePathVolume
ps_aggregatePathVolume done
ps_updateAggrVolume done
ps_updateAggrVolume
ps_aggregatePathVolume
ps_aggregatePathVolume done
ps_updateAggrVolume done
ps_updateAggrVolume
ps_aggregatePathVolume
ps_aggregatePathVolume done
ps_updateAggrVolume done
ps_updateAggrVolume
ps_aggregatePathVolume
ps_aggregatePathVolume done
ps_updateAggrVolume done
SGM volume gpu elapsed time: 232.000000 ms 
ps_SGMoptimizeSimVolume done
gpu elapsed time: 53.000000 ms 
gpu elapsed time: 55.000000 ms 
gpu elapsed time: 62.000000 ms 
gpu elapsed time: 55.000000 ms 
gpu elapsed time: 56.000000 ms 
gpu elapsed time: 64.000000 ms 
gpu elapsed time: 65.000000 ms 
gpu elapsed time: 65.000000 ms 
gpu elapsed time: 65.000000 ms 
gpu elapsed time: 81.000000 ms 
gpu elapsed time: 67.000000 ms 
gpu elapsed time: 65.000000 ms 
gpu elapsed time: 62.000000 ms 
gpu elapsed time: 55.000000 ms 
gpu elapsed time: 56.000000 ms 
gpu elapsed time: 58.000000 ms 
gpu elapsed time: 57.000000 ms 
gpu elapsed time: 56.000000 ms 
gpu elapsed time: 56.000000 ms 
gpu elapsed time: 57.000000 ms 
gpu elapsed time: 47.000000 ms 
gpu elapsed time: 54.000000 ms 
gpu elapsed time: 57.000000 ms 
gpu elapsed time: 53.000000 ms 
gpu elapsed time: 96.000000 ms 
gpu elapsed time: 83.000000 ms 
gpu elapsed time: 85.000000 ms 
gpu elapsed time: 81.000000 ms 
rc: 26, gpu elapsed time: 23.000000 ms 
rc: 26, gpu elapsed time: 26.000000 ms 
rc: 26, gpu elapsed time: 24.000000 ms 
rc: 26, gpu elapsed time: 21.000000 ms 
